# Exact names or URLs to ignore, one per line.
# Example:
# Example App
# https://github.com/example/example-app
amaze
android terminal emulator
APatch
Batteryguru
Boardwalk
Brevent
BuildAPKs
BusyBox NDK
CloudflareSpeedTest
CodeServer for Android
Coinbase Wallet
Create Wireguard APKs
DLCutshizuku
DSU Sideloader
Drowser
FCM fix
Full Shizuku Manager
FV File Explorer
FV File Manager
Github App Fetcher
GithubArtifactDownloader
Hajimi
HyperCeiler
Jasmine
JingMatrix黄白工具箱
KernelSU
KitsuneMagisk
Ksud
LinkSheet
ML Manager
MRepo
MT Manager
Mundo3Dprint
Neo Backup
Oxygen Customizer
PAPERang
Package Manager
PermissionManagerX
PhoneProfilesPlus
PixelXpert
PrivacyDot
Rain
ReVanced Manager
Rish
Save Locally
Scene5
ShizuTools
Shizuku
ShizukuRunner
ShizuTools
Shizuru
Smartspacer
Sui
Swift Backup
SystemUI Tuner
Tarnhelm
TapTap
Taskbar
Threema Work
Thanox
Themed icon exporter
Tornaco Settings
Twrp helper
WebDAV Manager
WizOS 3.0 Shizuku
Writeily Pro
xmanager
Xpert
